<?xml version="1.0" encoding="UTF-8"?>
<!-- Generated by org.testng.reporters.JUnitReportReporter -->
<testsuite hostname="LAPTOP-DD6J6IS4" failures="0" tests="1" name="com.crm.vtiget.contact.TC_41_oppertunityWithSeachEquals" time="28.954" errors="0" timestamp="2021-05-06T11:49:23 IST" skipped="0">
  <testcase classname="com.crm.vtiget.contact.TC_41_oppertunityWithSeachEquals" name="CreatingContact" time="28.954"/>
  <system-out/>
</testsuite> <!-- com.crm.vtiget.contact.TC_41_oppertunityWithSeachEquals -->
