<?xml version="1.0" encoding="UTF-8"?>
<!-- Generated by org.testng.reporters.JUnitReportReporter -->
<testsuite hostname="DESKTOP-IS455QI" failures="0" tests="1" name="com.crm.vtigerTests.test2" time="2.392" errors="0" timestamp="2021-05-03T01:56:33 IST" skipped="0">
  <testcase classname="com.crm.vtigerTests.test2" name="Createopertunity" time="2.392"/>
  <system-out/>
</testsuite> <!-- com.crm.vtigerTests.test2 -->
