<?xml version="1.0" encoding="UTF-8"?>
<!-- Generated by org.testng.reporters.JUnitReportReporter -->
<testsuite hostname="DESKTOP-IS455QI" failures="0" tests="1" name="sample.ReaddataFromcustomertest" time="0.027" errors="0" timestamp="2021-04-25T22:34:43 IST" skipped="0">
  <testcase classname="sample.ReaddataFromcustomertest" name="creat" time="0.027"/>
  <system-out/>
</testsuite> <!-- sample.ReaddataFromcustomertest -->
