<?xml version="1.0" encoding="UTF-8"?>
<!-- Generated by org.testng.reporters.JUnitReportReporter -->
<testsuite hostname="DESKTOP-IS455QI" failures="0" tests="1" name="webtable.clickonlastcheckbox" time="87.268" errors="0" timestamp="2021-04-28T00:12:05 IST" skipped="0">
  <testcase classname="webtable.clickonlastcheckbox" name="organizationnames" time="87.268"/>
  <system-out/>
</testsuite> <!-- webtable.clickonlastcheckbox -->
