<?xml version="1.0" encoding="UTF-8"?>
<!-- Generated by org.testng.reporters.JUnitReportReporter -->
<testsuite hostname="DESKTOP-IS455QI" failures="0" tests="1" name="sample.ReadDataFromPropertyfiletest" time="0.032" errors="0" timestamp="2021-04-25T22:35:18 IST" skipped="0">
  <testcase classname="sample.ReadDataFromPropertyfiletest" name="readDataTest" time="0.032"/>
  <system-out/>
</testsuite> <!-- sample.ReadDataFromPropertyfiletest -->
