<?xml version="1.0" encoding="UTF-8"?>
<!-- Generated by org.testng.reporters.JUnitReportReporter -->
<testsuite hostname="DESKTOP-IS455QI" failures="0" tests="1" name="com.crm.vtigerTests.TC44_AdvanceSearchAndSearchWithDropdownOpportunityNameDropdownEndwith" time="184.011" errors="0" timestamp="2021-04-29T16:03:07 IST" skipped="0">
  <testcase classname="com.crm.vtigerTests.TC44_AdvanceSearchAndSearchWithDropdownOpportunityNameDropdownEndwith" name="Createopertunity" time="184.011"/>
  <system-out/>
</testsuite> <!-- com.crm.vtigerTests.TC44_AdvanceSearchAndSearchWithDropdownOpportunityNameDropdownEndwith -->
