<?xml version="1.0" encoding="UTF-8"?>
<!-- Generated by org.testng.reporters.JUnitReportReporter -->
<testsuite hostname="DESKTOP-IS455QI" failures="0" tests="1" name="generic.scenario1" time="0.783" errors="0" timestamp="2021-04-26T18:05:11 IST" skipped="0">
  <testcase classname="generic.scenario1" name="executequery" time="0.783"/>
  <system-out/>
</testsuite> <!-- generic.scenario1 -->
