<?xml version="1.0" encoding="UTF-8"?>
<!-- Generated by org.testng.reporters.JUnitReportReporter -->
<testsuite hostname="DESKTOP-IS455QI" failures="0" tests="1" name="generic.test1" time="0.820" errors="0" timestamp="2021-04-26T17:02:26 IST" skipped="0">
  <testcase classname="generic.test1" name="update" time="0.820"/>
  <system-out/>
</testsuite> <!-- generic.test1 -->
