<?xml version="1.0" encoding="UTF-8"?>
<!-- Generated by org.testng.reporters.JUnitReportReporter -->
<testsuite hostname="LAPTOP-DD6J6IS4" failures="0" tests="1" name="com.camcastcrm.OppertunityTest.CreateContact" time="21.156" errors="0" timestamp="2021-05-05T13:29:47 IST" skipped="0">
  <testcase classname="com.camcastcrm.OppertunityTest.CreateContact" name="CreatingContact" time="21.156"/>
  <system-out/>
</testsuite> <!-- com.camcastcrm.OppertunityTest.CreateContact -->
