<?xml version="1.0" encoding="UTF-8"?>
<!-- Generated by org.testng.reporters.JUnitReportReporter -->
<testsuite hostname="DESKTOP-IS455QI" failures="0" tests="1" name="generic.executequery" time="0.875" errors="0" timestamp="2021-04-26T17:25:15 IST" skipped="0">
  <testcase classname="generic.executequery" name="updatequery" time="0.875"/>
  <system-out/>
</testsuite> <!-- generic.executequery -->
