<?xml version="1.0" encoding="UTF-8"?>
<!-- Generated by org.testng.reporters.JUnitReportReporter -->
<testsuite hostname="LAPTOP-DD6J6IS4" failures="0" tests="1" name="com.crm.vtiget.contact.TC_44_oppertunityWithSearchContains" time="26.306" errors="0" timestamp="2021-05-06T14:34:55 IST" skipped="0">
  <testcase classname="com.crm.vtiget.contact.TC_44_oppertunityWithSearchContains" name="CreatingContact" time="26.306"/>
  <system-out/>
</testsuite> <!-- com.crm.vtiget.contact.TC_44_oppertunityWithSearchContains -->
