<?xml version="1.0" encoding="UTF-8"?>
<!-- Generated by org.testng.reporters.JUnitReportReporter -->
<testsuite hostname="DESKTOP-IS455QI" failures="0" tests="1" name="com.crm.vtigerTests.TC41_AdvanceSearchAndSearchWithDropdownOpportunityNameDropdownEquals" time="233.099" errors="0" timestamp="2021-04-29T15:18:12 IST" skipped="0">
  <testcase classname="com.crm.vtigerTests.TC41_AdvanceSearchAndSearchWithDropdownOpportunityNameDropdownEquals" name="CreateOrganization" time="233.099"/>
  <system-out/>
</testsuite> <!-- com.crm.vtigerTests.TC41_AdvanceSearchAndSearchWithDropdownOpportunityNameDropdownEquals -->
