<?xml version="1.0" encoding="UTF-8"?>
<!-- Generated by org.testng.reporters.JUnitReportReporter -->
<testsuite hostname="DESKTOP-IS455QI" failures="0" tests="1" name="webtable.checkbox" time="63.844" errors="0" timestamp="2021-04-28T00:07:59 IST" skipped="0">
  <testcase classname="webtable.checkbox" name="organizationnames" time="63.844"/>
  <system-out/>
</testsuite> <!-- webtable.checkbox -->
