<?xml version="1.0" encoding="UTF-8"?>
<!-- Generated by org.testng.reporters.JUnitReportReporter -->
<testsuite hostname="DESKTOP-IS455QI" failures="0" tests="1" name="com.crm.vtigerTests.CreateContactWithOrganization" time="209.136" errors="0" timestamp="2021-04-28T14:12:49 IST" skipped="0">
  <testcase classname="com.crm.vtigerTests.CreateContactWithOrganization" name="CreateContact" time="209.136"/>
  <system-out/>
</testsuite> <!-- com.crm.vtigerTests.CreateContactWithOrganization -->
