<?xml version="1.0" encoding="UTF-8"?>
<!-- Generated by org.testng.reporters.JUnitReportReporter -->
<testsuite hostname="LAPTOP-DD6J6IS4" failures="0" tests="1" name="com.crm.vtiget.contact.CreateContact" time="16.946" errors="0" timestamp="2021-05-05T20:44:06 IST" skipped="0">
  <testcase classname="com.crm.vtiget.contact.CreateContact" name="CreatingContact" time="16.946"/>
  <system-out/>
</testsuite> <!-- com.crm.vtiget.contact.CreateContact -->
