<?xml version="1.0" encoding="UTF-8"?>
<!-- Generated by org.testng.reporters.JUnitReportReporter -->
<testsuite hostname="LAPTOP-DD6J6IS4" failures="0" tests="1" name="com.crm.vtiget.contact.TC_43_oppertunityWithSearchSatrswithTest" time="23.269" errors="0" timestamp="2021-05-06T14:30:48 IST" skipped="0">
  <testcase classname="com.crm.vtiget.contact.TC_43_oppertunityWithSearchSatrswithTest" name="CreatingContact" time="23.269"/>
  <system-out/>
</testsuite> <!-- com.crm.vtiget.contact.TC_43_oppertunityWithSearchSatrswithTest -->
