<?xml version="1.0" encoding="UTF-8"?>
<!-- Generated by org.testng.reporters.JUnitReportReporter -->
<testsuite hostname="DESKTOP-IS455QI" failures="0" tests="2" name="com.camcastcrm.OppertunityTest.CreateOppertunitywithContacts" time="467.548" errors="0" timestamp="2021-05-04T11:56:03 IST" skipped="0">
  <testcase classname="com.camcastcrm.OppertunityTest.CreateOppertunitywithContacts" name="CreateOppertunity" time="254.156"/>
  <system-out/>
  <testcase classname="com.camcastcrm.OppertunityTest.CreateOppertunitywithContacts" name="Contact" time="213.392"/>
  <system-out/>
</testsuite> <!-- com.camcastcrm.OppertunityTest.CreateOppertunitywithContacts -->
