<?xml version="1.0" encoding="UTF-8"?>
<!-- Generated by org.testng.reporters.JUnitReportReporter -->
<testsuite hostname="DESKTOP-IS455QI" failures="0" tests="1" name="webtable.capture" time="92.723" errors="0" timestamp="2021-04-28T00:19:44 IST" skipped="0">
  <testcase classname="webtable.capture" name="perorganizationnames" time="92.723"/>
  <system-out/>
</testsuite> <!-- webtable.capture -->
