<?xml version="1.0" encoding="UTF-8"?>
<!-- Generated by org.testng.reporters.JUnitReportReporter -->
<testsuite hostname="DESKTOP-IS455QI" failures="0" tests="1" name="com.crm.vtigerTests.TC_42_AdvanceSearchAndSearchWithDropdownOpportunity" time="207.496" errors="0" timestamp="2021-04-29T15:44:25 IST" skipped="0">
  <testcase classname="com.crm.vtigerTests.TC_42_AdvanceSearchAndSearchWithDropdownOpportunity" name="Createopertunity" time="207.496"/>
  <system-out/>
</testsuite> <!-- com.crm.vtigerTests.TC_42_AdvanceSearchAndSearchWithDropdownOpportunity -->
