<?xml version="1.0" encoding="UTF-8"?>
<!-- Generated by org.testng.reporters.JUnitReportReporter -->
<testsuite hostname="DESKTOP-IS455QI" failures="0" tests="1" name="com.crm.vtigerTests.Tc45_AdvanceSearchAndSearchWithDropdownOpportunityNameDropdowncontains" time="286.716" errors="0" timestamp="2021-04-29T17:13:00 IST" skipped="0">
  <testcase classname="com.crm.vtigerTests.Tc45_AdvanceSearchAndSearchWithDropdownOpportunityNameDropdowncontains" name="Createopertunity" time="286.716"/>
  <system-out/>
</testsuite> <!-- com.crm.vtigerTests.Tc45_AdvanceSearchAndSearchWithDropdownOpportunityNameDropdowncontains -->
