<?xml version="1.0" encoding="UTF-8"?>
<!-- Generated by org.testng.reporters.JUnitReportReporter -->
<testsuite hostname="DESKTOP-IS455QI" failures="0" tests="1" name="webtable.selectperticularorganization" time="85.039" errors="0" timestamp="2021-04-28T00:15:17 IST" skipped="0">
  <testcase classname="webtable.selectperticularorganization" name="perorganizationnames" time="85.039"/>
  <system-out/>
</testsuite> <!-- webtable.selectperticularorganization -->
