<?xml version="1.0" encoding="UTF-8"?>
<!-- Generated by org.testng.reporters.JUnitReportReporter -->
<testsuite hostname="DESKTOP-IS455QI" failures="0" tests="1" name="com.crm.vtigerTests.test1" time="95.425" errors="0" timestamp="2021-04-30T00:18:36 IST" skipped="0">
  <testcase classname="com.crm.vtigerTests.test1" name="Createopertunity" time="95.425"/>
  <system-out/>
</testsuite> <!-- com.crm.vtigerTests.test1 -->
