<?xml version="1.0" encoding="UTF-8"?>
<!-- Generated by org.testng.reporters.JUnitReportReporter -->
<testsuite hostname="DESKTOP-IS455QI" failures="0" tests="1" name="com.crm.vtigerTests.TC_43_AdvanceSearchAndSearchWithDropdownOpportunityNameDropdownStartwith" time="205.965" errors="0" timestamp="2021-04-29T15:52:46 IST" skipped="0">
  <testcase classname="com.crm.vtigerTests.TC_43_AdvanceSearchAndSearchWithDropdownOpportunityNameDropdownStartwith" name="Createopertunity" time="205.965"/>
  <system-out/>
</testsuite> <!-- com.crm.vtigerTests.TC_43_AdvanceSearchAndSearchWithDropdownOpportunityNameDropdownStartwith -->
