<?xml version="1.0" encoding="UTF-8"?>
<!-- Generated by org.testng.reporters.JUnitReportReporter -->
<testsuite hostname="DESKTOP-IS455QI" failures="0" tests="1" name="com.crm.vtigerTests.TC_02_CreateOrganizationWithIndustryTest" time="112.150" errors="0" timestamp="2021-05-03T00:58:05 IST" skipped="0">
  <testcase classname="com.crm.vtigerTests.TC_02_CreateOrganizationWithIndustryTest" name="CreateOrganization" time="112.150"/>
  <system-out/>
</testsuite> <!-- com.crm.vtigerTests.TC_02_CreateOrganizationWithIndustryTest -->
