<?xml version="1.0" encoding="UTF-8"?>
<!-- Generated by org.testng.reporters.JUnitReportReporter -->
<testsuite hostname="LAPTOP-DD6J6IS4" failures="0" tests="1" name="com.camcastcrm.OppertunityTest.SearchOppertunityTest" time="10.480" errors="0" timestamp="2021-05-06T08:04:29 IST" skipped="0">
  <testcase classname="com.camcastcrm.OppertunityTest.SearchOppertunityTest" name="SearchOppertunitywithStartsWith" time="10.480"/>
  <system-out/>
</testsuite> <!-- com.camcastcrm.OppertunityTest.SearchOppertunityTest -->
