<?xml version="1.0" encoding="UTF-8"?>
<!-- Generated by org.testng.reporters.JUnitReportReporter -->
<testsuite hostname="DESKTOP-IS455QI" failures="0" tests="1" name="generic.database" time="0.842" errors="0" timestamp="2021-04-26T16:35:56 IST" skipped="0">
  <testcase classname="generic.database" name="getexecutequery" time="0.842"/>
  <system-out/>
</testsuite> <!-- generic.database -->
