<?xml version="1.0" encoding="UTF-8"?>
<!-- Generated by org.testng.reporters.JUnitReportReporter -->
<testsuite hostname="LAPTOP-DD6J6IS4" failures="0" tests="1" name="com.crm.vtiget.contact.TC_45_oppertunityWithSearchNotContainsTest" time="26.961" errors="0" timestamp="2021-05-06T14:40:59 IST" skipped="0">
  <testcase classname="com.crm.vtiget.contact.TC_45_oppertunityWithSearchNotContainsTest" name="CreatingContact" time="26.961"/>
  <system-out/>
</testsuite> <!-- com.crm.vtiget.contact.TC_45_oppertunityWithSearchNotContainsTest -->
