<?xml version="1.0" encoding="UTF-8"?>
<!-- Generated by org.testng.reporters.JUnitReportReporter -->
<testsuite hostname="DESKTOP-IS455QI" failures="0" tests="3" name="com.camcastcrm.OppertunityTest.CreateOppertunity" time="267.842" errors="0" timestamp="2021-05-04T00:09:25 IST" skipped="0">
  <testcase classname="com.camcastcrm.OppertunityTest.CreateOppertunity" name="SearchOppertunitywithequals" time="69.856"/>
  <system-out/>
  <testcase classname="com.camcastcrm.OppertunityTest.CreateOppertunity" name="Contact" time="120.998"/>
  <system-out/>
  <testcase classname="com.camcastcrm.OppertunityTest.CreateOppertunity" name="CreateOppertunity" time="76.988"/>
  <system-out/>
</testsuite> <!-- com.camcastcrm.OppertunityTest.CreateOppertunity -->
