<?xml version="1.0" encoding="UTF-8"?>
<!-- Generated by org.testng.reporters.JUnitReportReporter -->
<testsuite hostname="DESKTOP-IS455QI" failures="0" tests="1" name="webtable.dynamictable" time="86.151" errors="0" timestamp="2021-04-28T00:01:29 IST" skipped="0">
  <testcase classname="webtable.dynamictable" name="captureorgname" time="86.151"/>
  <system-out/>
</testsuite> <!-- webtable.dynamictable -->
