<?xml version="1.0" encoding="UTF-8"?>
<!-- Generated by org.testng.reporters.JUnitReportReporter -->
<testsuite hostname="DESKTOP-IS455QI" failures="0" tests="1" name="webtable.getorganizationname" time="102.198" errors="0" timestamp="2021-04-27T23:53:13 IST" skipped="0">
  <testcase classname="webtable.getorganizationname" name="captureorgname" time="102.198"/>
  <system-out/>
</testsuite> <!-- webtable.getorganizationname -->
