<?xml version="1.0" encoding="UTF-8"?>
<!-- Generated by org.testng.reporters.JUnitReportReporter -->
<testsuite hostname="DESKTOP-IS455QI" failures="0" tests="1" name="com.crm.vtigerTests.CreateOrganizationWithIndustry" time="78.334" errors="0" timestamp="2021-04-28T13:45:17 IST" skipped="0">
  <testcase classname="com.crm.vtigerTests.CreateOrganizationWithIndustry" name="CreateOrganization" time="78.334"/>
  <system-out/>
</testsuite> <!-- com.crm.vtigerTests.CreateOrganizationWithIndustry -->
