<?xml version="1.0" encoding="UTF-8"?>
<!-- Generated by org.testng.reporters.JUnitReportReporter -->
<testsuite hostname="DESKTOP-IS455QI" failures="0" tests="1" name="generic.trycatchfinally" time="0.783" errors="0" timestamp="2021-04-26T18:04:03 IST" skipped="0">
  <testcase classname="generic.trycatchfinally" name="getexecteupdate" time="0.783"/>
  <system-out/>
</testsuite> <!-- generic.trycatchfinally -->
